<?xml version="1.0" encoding="UTF-8"?>
<!-- Generated by org.testng.reporters.JUnitReportReporter -->
<testsuite hostname="DESKTOP-FRE1AQT" failures="0" tests="6" name="com.apiautomation.Sample" time="5.504" errors="0" timestamp="23 Oct 2024 11:55:02 GMT" skipped="0">
  <testcase classname="com.apiautomation.Sample" name="createFlight" time="3.660"/>
  <testcase classname="com.apiautomation.Sample" name="singleFlight" time="0.297"/>
  <testcase classname="com.apiautomation.Sample" name="updateFlight" time="0.362"/>
  <testcase classname="com.apiautomation.Sample" name="updateFlightPatch" time="0.380"/>
  <testcase classname="com.apiautomation.Sample" name="deleteFlight" time="0.376"/>
  <testcase classname="com.apiautomation.Sample" name="listFlights" time="0.429"/>
</testsuite> <!-- com.apiautomation.Sample -->
